git init2026-06-24T09:20:36.863+07:00 DEBUG 30148 --- [product-service] [http-nio-8080-exec-8] c.e.multi_cache.config.L1CacheManager    : Added product 2 to L1 cache
2026-06-24T09:20:36.865+07:00 DEBUG 30148 --- [product-service] [http-nio-8080-exec-8] o.s.d.redis.core.RedisConnectionUtils    : Fetching Redis Connection from RedisConnectionFactory
2026-06-24T09:20:36.870+07:00 DEBUG 30148 --- [product-service] [http-nio-8080-exec-8] o.s.d.redis.core.RedisConnectionUtils    : Closing Redis Connection
2026-06-24T09:20:36.871+07:00 DEBUG 30148 --- [product-service] [http-nio-8080-exec-8] c.e.multi_cache.config.L2CacheManager    : Put product 2 into L2 cache
2026-06-24T09:20:36.872+07:00 DEBUG 30148 --- [product-service] [http-nio-8080-exec-8] o.s.d.redis.core.RedisConnectionUtils    : Fetching Redis Connection from RedisConnectionFactory
2026-06-24T09:20:36.877+07:00 DEBUG 30148 --- [product-service] [http-nio-8080-exec-8] o.s.d.redis.core.RedisConnectionUtils    : Closing Redis Connection
2026-06-24T09:20:36.878+07:00  INFO 30148 --- [product-service] [http-nio-8080-exec-8] c.e.m.messaging.ProductChangePublisher   : Published CREATE message for product 2 (code: P001) from instance default
2026-06-24T09:20:36.879+07:00  INFO 30148 --- [product-service] [http-nio-8080-exec-8] c.e.m.service.ProductServiceImpl         : Created product 2 with code P001 from instance
2026-06-24T09:20:41.208+07:00 DEBUG 30148 --- [product-service] [http-nio-8080-exec-10] c.e.multi_cache.config.L1CacheManager    : Evicted product 2 from L1 cache
2026-06-24T09:20:41.209+07:00 DEBUG 30148 --- [product-service] [http-nio-8080-exec-10] o.s.d.redis.core.RedisConnectionUtils    : Fetching Redis Connection from RedisConnectionFactory
2026-06-24T09:20:41.215+07:00 DEBUG 30148 --- [product-service] [http-nio-8080-exec-10] o.s.d.redis.core.RedisConnectionUtils    : Closing Redis Connection
2026-06-24T09:20:41.216+07:00 DEBUG 30148 --- [product-service] [http-nio-8080-exec-10] c.e.multi_cache.config.L2CacheManager    : Evicted product 2 from L2 cache
2026-06-24T09:20:41.217+07:00 DEBUG 30148 --- [product-service] [http-nio-8080-exec-10] o.s.d.redis.core.RedisConnectionUtils    : Fetching Redis Connection from RedisConnectionFactory
2026-06-24T09:20:41.222+07:00 DEBUG 30148 --- [product-service] [http-nio-8080-exec-10] o.s.d.redis.core.RedisConnectionUtils    : Closing Redis Connection
2026-06-24T09:20:41.222+07:00  INFO 30148 --- [product-service] [http-nio-8080-exec-10] c.e.m.messaging.ProductChangePublisher   : Published DELETE message for product 2 from instance default
2026-06-24T09:20:41.223+07:00  INFO 30148 --- [product-service] [http-nio-8080-exec-10] c.e.m.service.ProductServiceImpl         : Deleted product 2 from DB and caches
2026-06-24T09:20:43.294+07:00 DEBUG 30148 --- [product-service] [http-nio-8080-exec-1] c.e.multi_cache.config.L1CacheManager    : Cache miss for product 2 in L1
2026-06-24T09:20:43.297+07:00  INFO 30148 --- [product-service] [http-nio-8080-exec-1] c.e.m.service.ProductServiceImpl         : Fetching product 2 from database
2026-06-24T09:20:43.305+07:00 ERROR 30148 --- [product-service] [http-nio-8080-exec-1] c.e.m.config.GlobalExceptionHandler      : Internal server error: 

java.lang.RuntimeException: Product not found with id: 2
	at com.example.multi_cache.service.ProductServiceImpl.lambda$getProductById$0(ProductServiceImpl.java:72) ~[!/:1.0.0]
	at java.base/java.util.Optional.orElseThrow(Optional.java:403) ~[na:na]
	at com.example.multi_cache.service.ProductServiceImpl.getProductById(ProductServiceImpl.java:72) ~[!/:1.0.0]
	at java.base/jdk.internal.reflect.NativeMethodAccessorImpl.invoke0(Native Method) ~[na:na]
	at java.base/jdk.internal.reflect.NativeMethodAccessorImpl.invoke(NativeMethodAccessorImpl.java:77) ~[na:na]
	at java.base/jdk.internal.reflect.DelegatingMethodAccessorImpl.invoke(DelegatingMethodAccessorImpl.java:43) ~[na:na]
	at java.base/java.lang.reflect.Method.invoke(Method.java:568) ~[na:na]
	at org.springframework.aop.support.AopUtils.invokeJoinpointUsingReflection(AopUtils.java:351) ~[spring-aop-6.1.4.jar!/:6.1.4]
	at org.springframework.aop.framework.ReflectiveMethodInvocation.invokeJoinpoint(ReflectiveMethodInvocation.java:196) ~[spring-aop-6.1.4.jar!/:6.1.4]
	at org.springframework.aop.framework.ReflectiveMethodInvocation.proceed(ReflectiveMethodInvocation.java:163) ~[spring-aop-6.1.4.jar!/:6.1.4]
	at org.springframework.aop.framework.CglibAopProxy$CglibMethodInvocation.proceed(CglibAopProxy.java:765) ~[spring-aop-6.1.4.jar!/:6.1.4]
	at org.springframework.transaction.interceptor.TransactionInterceptor$1.proceedWithInvocation(TransactionInterceptor.java:123) ~[spring-tx-6.1.4.jar!/:6.1.4]
	at org.springframework.transaction.interceptor.TransactionAspectSupport.invokeWithinTransaction(TransactionAspectSupport.java:385) ~[spring-tx-6.1.4.jar!/:6.1.4]
	at org.springframework.transaction.interceptor.TransactionInterceptor.invoke(TransactionInterceptor.java:119) ~[spring-tx-6.1.4.jar!/:6.1.4]
	at org.springframework.aop.framework.ReflectiveMethodInvocation.proceed(ReflectiveMethodInvocation.java:184) ~[spring-aop-6.1.4.jar!/:6.1.4]
	at org.springframework.aop.framework.CglibAopProxy$CglibMethodInvocation.proceed(CglibAopProxy.java:765) ~[spring-aop-6.1.4.jar!/:6.1.4]
	at org.springframework.cache.interceptor.CacheInterceptor.lambda$invoke$0(CacheInterceptor.java:64) ~[spring-context-6.1.4.jar!/:6.1.4]
	at org.springframework.cache.interceptor.CacheAspectSupport.invokeOperation(CacheAspectSupport.java:416) ~[spring-context-6.1.4.jar!/:6.1.4]
	at org.springframework.cache.interceptor.CacheAspectSupport.evaluate(CacheAspectSupport.java:545) ~[spring-context-6.1.4.jar!/:6.1.4]
	at org.springframework.cache.interceptor.CacheAspectSupport.execute(CacheAspectSupport.java:433) ~[spring-context-6.1.4.jar!/:6.1.4]
	at org.springframework.cache.interceptor.CacheAspectSupport.execute(CacheAspectSupport.java:395) ~[spring-context-6.1.4.jar!/:6.1.4]
	at org.springframework.cache.interceptor.CacheInterceptor.invoke(CacheInterceptor.java:74) ~[spring-context-6.1.4.jar!/:6.1.4]
	at org.springframework.aop.framework.ReflectiveMethodInvocation.proceed(ReflectiveMethodInvocation.java:184) ~[spring-aop-6.1.4.jar!/:6.1.4]
	at org.springframework.aop.framework.CglibAopProxy$CglibMethodInvocation.proceed(CglibAopProxy.java:765) ~[spring-aop-6.1.4.jar!/:6.1.4]
	at org.springframework.aop.framework.CglibAopProxy$DynamicAdvisedInterceptor.intercept(CglibAopProxy.java:717) ~[spring-aop-6.1.4.jar!/:6.1.4]
	at com.example.multi_cache.service.ProductServiceImpl$$SpringCGLIB$$0.getProductById(<generated>) ~[!/:1.0.0]
	at com.example.multi_cache.controller.ProductController.getProduct(ProductController.java:28) ~[!/:1.0.0]
	at java.base/jdk.internal.reflect.NativeMethodAccessorImpl.invoke0(Native Method) ~[na:na]
	at java.base/jdk.internal.reflect.NativeMethodAccessorImpl.invoke(NativeMethodAccessorImpl.java:77) ~[na:na]
	at java.base/jdk.internal.reflect.DelegatingMethodAccessorImpl.invoke(DelegatingMethodAccessorImpl.java:43) ~[na:na]
	at java.base/java.lang.reflect.Method.invoke(Method.java:568) ~[na:na]
	at org.springframework.web.method.support.InvocableHandlerMethod.doInvoke(InvocableHandlerMethod.java:259) ~[spring-web-6.1.4.jar!/:6.1.4]
	at org.springframework.web.method.support.InvocableHandlerMethod.invokeForRequest(InvocableHandlerMethod.java:192) ~[spring-web-6.1.4.jar!/:6.1.4]
	at org.springframework.web.servlet.mvc.method.annotation.ServletInvocableHandlerMethod.invokeAndHandle(ServletInvocableHandlerMethod.java:118) ~[spring-webmvc-6.1.4.jar!/:6.1.4]
	at org.springframework.web.servlet.mvc.method.annotation.RequestMappingHandlerAdapter.invokeHandlerMethod(RequestMappingHandlerAdapter.java:920) ~[spring-webmvc-6.1.4.jar!/:6.1.4]
	at org.springframework.web.servlet.mvc.method.annotation.RequestMappingHandlerAdapter.handleInternal(RequestMappingHandlerAdapter.java:830) ~[spring-webmvc-6.1.4.jar!/:6.1.4]
	at org.springframework.web.servlet.mvc.method.AbstractHandlerMethodAdapter.handle(AbstractHandlerMethodAdapter.java:87) ~[spring-webmvc-6.1.4.jar!/:6.1.4]
	at org.springframework.web.servlet.DispatcherServlet.doDispatch(DispatcherServlet.java:1089) ~[spring-webmvc-6.1.4.jar!/:6.1.4]
	at org.springframework.web.servlet.DispatcherServlet.doService(DispatcherServlet.java:979) ~[spring-webmvc-6.1.4.jar!/:6.1.4]
	at org.springframework.web.servlet.FrameworkServlet.processRequest(FrameworkServlet.java:1014) ~[spring-webmvc-6.1.4.jar!/:6.1.4]
	at org.springframework.web.servlet.FrameworkServlet.doGet(FrameworkServlet.java:903) ~[spring-webmvc-6.1.4.jar!/:6.1.4]
	at jakarta.servlet.http.HttpServlet.service(HttpServlet.java:564) ~[tomcat-embed-core-10.1.19.jar!/:na]
	at org.springframework.web.servlet.FrameworkServlet.service(FrameworkServlet.java:885) ~[spring-webmvc-6.1.4.jar!/:6.1.4]
	at jakarta.servlet.http.HttpServlet.service(HttpServlet.java:658) ~[tomcat-embed-core-10.1.19.jar!/:na]
	at org.apache.catalina.core.ApplicationFilterChain.internalDoFilter(ApplicationFilterChain.java:205) ~[tomcat-embed-core-10.1.19.jar!/:na]
	at org.apache.catalina.core.ApplicationFilterChain.doFilter(ApplicationFilterChain.java:149) ~[tomcat-embed-core-10.1.19.jar!/:na]
	at org.apache.tomcat.websocket.server.WsFilter.doFilter(WsFilter.java:51) ~[tomcat-embed-websocket-10.1.19.jar!/:na]
	at org.apache.catalina.core.ApplicationFilterChain.internalDoFilter(ApplicationFilterChain.java:174) ~[tomcat-embed-core-10.1.19.jar!/:na]
	at org.apache.catalina.core.ApplicationFilterChain.doFilter(ApplicationFilterChain.java:149) ~[tomcat-embed-core-10.1.19.jar!/:na]
	at org.springframework.web.filter.RequestContextFilter.doFilterInternal(RequestContextFilter.java:100) ~[spring-web-6.1.4.jar!/:6.1.4]
	at org.springframework.web.filter.OncePerRequestFilter.doFilter(OncePerRequestFilter.java:116) ~[spring-web-6.1.4.jar!/:6.1.4]
	at org.apache.catalina.core.ApplicationFilterChain.internalDoFilter(ApplicationFilterChain.java:174) ~[tomcat-embed-core-10.1.19.jar!/:na]
	at org.apache.catalina.core.ApplicationFilterChain.doFilter(ApplicationFilterChain.java:149) ~[tomcat-embed-core-10.1.19.jar!/:na]
	at org.springframework.web.filter.FormContentFilter.doFilterInternal(FormContentFilter.java:93) ~[spring-web-6.1.4.jar!/:6.1.4]
	at org.springframework.web.filter.OncePerRequestFilter.doFilter(OncePerRequestFilter.java:116) ~[spring-web-6.1.4.jar!/:6.1.4]
	at org.apache.catalina.core.ApplicationFilterChain.internalDoFilter(ApplicationFilterChain.java:174) ~[tomcat-embed-core-10.1.19.jar!/:na]
	at org.apache.catalina.core.ApplicationFilterChain.doFilter(ApplicationFilterChain.java:149) ~[tomcat-embed-core-10.1.19.jar!/:na]
	at org.springframework.web.filter.ServerHttpObservationFilter.doFilterInternal(ServerHttpObservationFilter.java:109) ~[spring-web-6.1.4.jar!/:6.1.4]
	at org.springframework.web.filter.OncePerRequestFilter.doFilter(OncePerRequestFilter.java:116) ~[spring-web-6.1.4.jar!/:6.1.4]
	at org.apache.catalina.core.ApplicationFilterChain.internalDoFilter(ApplicationFilterChain.java:174) ~[tomcat-embed-core-10.1.19.jar!/:na]
	at org.apache.catalina.core.ApplicationFilterChain.doFilter(ApplicationFilterChain.java:149) ~[tomcat-embed-core-10.1.19.jar!/:na]
	at org.springframework.web.filter.CharacterEncodingFilter.doFilterInternal(CharacterEncodingFilter.java:201) ~[spring-web-6.1.4.jar!/:6.1.4]
	at org.springframework.web.filter.OncePerRequestFilter.doFilter(OncePerRequestFilter.java:116) ~[spring-web-6.1.4.jar!/:6.1.4]
	at org.apache.catalina.core.ApplicationFilterChain.internalDoFilter(ApplicationFilterChain.java:174) ~[tomcat-embed-core-10.1.19.jar!/:na]
	at org.apache.catalina.core.ApplicationFilterChain.doFilter(ApplicationFilterChain.java:149) ~[tomcat-embed-core-10.1.19.jar!/:na]
	at org.apache.catalina.core.StandardWrapperValve.invoke(StandardWrapperValve.java:167) ~[tomcat-embed-core-10.1.19.jar!/:na]
	at org.apache.catalina.core.StandardContextValve.invoke(StandardContextValve.java:90) ~[tomcat-embed-core-10.1.19.jar!/:na]
	at org.apache.catalina.authenticator.AuthenticatorBase.invoke(AuthenticatorBase.java:482) ~[tomcat-embed-core-10.1.19.jar!/:na]
	at org.apache.catalina.core.StandardHostValve.invoke(StandardHostValve.java:115) ~[tomcat-embed-core-10.1.19.jar!/:na]
	at org.apache.catalina.valves.ErrorReportValve.invoke(ErrorReportValve.java:93) ~[tomcat-embed-core-10.1.19.jar!/:na]
	at org.apache.catalina.core.StandardEngineValve.invoke(StandardEngineValve.java:74) ~[tomcat-embed-core-10.1.19.jar!/:na]
	at org.apache.catalina.connector.CoyoteAdapter.service(CoyoteAdapter.java:344) ~[tomcat-embed-core-10.1.19.jar!/:na]
	at org.apache.coyote.http11.Http11Processor.service(Http11Processor.java:391) ~[tomcat-embed-core-10.1.19.jar!/:na]
	at org.apache.coyote.AbstractProcessorLight.process(AbstractProcessorLight.java:63) ~[tomcat-embed-core-10.1.19.jar!/:na]
	at org.apache.coyote.AbstractProtocol$ConnectionHandler.process(AbstractProtocol.java:896) ~[tomcat-embed-core-10.1.19.jar!/:na]
	at org.apache.tomcat.util.net.NioEndpoint$SocketProcessor.doRun(NioEndpoint.java:1744) ~[tomcat-embed-core-10.1.19.jar!/:na]
	at org.apache.tomcat.util.net.SocketProcessorBase.run(SocketProcessorBase.java:52) ~[tomcat-embed-core-10.1.19.jar!/:na]
	at org.apache.tomcat.util.threads.ThreadPoolExecutor.runWorker(ThreadPoolExecutor.java:1191) ~[tomcat-embed-core-10.1.19.jar!/:na]
	at org.apache.tomcat.util.threads.ThreadPoolExecutor$Worker.run(ThreadPoolExecutor.java:659) ~[tomcat-embed-core-10.1.19.jar!/:na]
	at org.apache.tomcat.util.threads.TaskThread$WrappingRunnable.run(TaskThread.java:63) ~[tomcat-embed-core-10.1.19.jar!/:na]
	at java.base/java.lang.Thread.run(Thread.java:833) ~[na:na]

